<?xml version="1.0" encoding="UTF-8"?>
<!-- Generated by org.testng.reporters.JUnitReportReporter -->
<testsuite hostname="IN-DCY1GK3" failures="0" tests="1" name="tests.App" time="63.942" errors="0" timestamp="2023-12-03T21:38:30 IST" skipped="0">
  <testcase classname="tests.App" name="androidLaunchTest" time="63.942"/>
</testsuite> <!-- tests.App -->
